<?xml version="1.0" encoding="UTF-8"?>
<!-- Generated by org.testng.reporters.JUnitReportReporter -->
<testsuite skipped="0" hostname="DESKTOP-G46QBGA" name="restAPITesting.ApttusStationAPIValidation" tests="5" failures="0" timestamp="16 Aug 2020 09:54:05 GMT" time="4.777" errors="0">
  <testcase name="registerWeatherWithoutAPIKey" time="1.935" classname="restAPITesting.ApttusStationAPIValidation"/>
  <testcase name="registerTwoStationsWithValidKey" time="0.981" classname="restAPITesting.ApttusStationAPIValidation"/>
  <testcase name="getStations" time="0.468" classname="restAPITesting.ApttusStationAPIValidation"/>
  <testcase name="DeleteStations" time="0.903" classname="restAPITesting.ApttusStationAPIValidation"/>
  <testcase name="verifyStationNotFound" time="0.490" classname="restAPITesting.ApttusStationAPIValidation"/>
</testsuite> <!-- restAPITesting.ApttusStationAPIValidation -->
