<?xml version="1.0" encoding="UTF-8"?>
<!-- Generated by org.testng.reporters.JUnitReportReporter -->
<testsuite skipped="0" hostname="DESKTOP-G46QBGA" name="restAPITesting.ApttusStationAPIValidation" tests="5" failures="0" timestamp="16 Aug 2020 10:38:38 GMT" time="5.185" errors="0">
  <testcase name="registerWeatherWithoutAPIKey" time="2.311" classname="restAPITesting.ApttusStationAPIValidation"/>
  <testcase name="registerTwoStationsWithValidKey" time="1.000" classname="restAPITesting.ApttusStationAPIValidation"/>
  <testcase name="getStations" time="0.478" classname="restAPITesting.ApttusStationAPIValidation"/>
  <testcase name="DeleteStations" time="0.909" classname="restAPITesting.ApttusStationAPIValidation"/>
  <testcase name="verifyStationNotFound" time="0.487" classname="restAPITesting.ApttusStationAPIValidation"/>
</testsuite> <!-- restAPITesting.ApttusStationAPIValidation -->
