<?xml version="1.0" encoding="UTF-8"?>
<!-- Generated by org.testng.reporters.JUnitReportReporter -->
<testsuite skipped="0" hostname="DESKTOP-G46QBGA" name="restAPITesting.ApttusStationAPIValidation" tests="5" failures="0" timestamp="16 Aug 2020 14:03:37 GMT" time="4.939" errors="0">
  <testcase name="registerWeatherWithoutAPIKey" time="2.072" classname="restAPITesting.ApttusStationAPIValidation"/>
  <testcase name="registerTwoStationsWithValidKey" time="0.979" classname="restAPITesting.ApttusStationAPIValidation"/>
  <testcase name="getStations" time="0.486" classname="restAPITesting.ApttusStationAPIValidation"/>
  <testcase name="DeleteStations" time="0.915" classname="restAPITesting.ApttusStationAPIValidation"/>
  <testcase name="verifyStationNotFound" time="0.487" classname="restAPITesting.ApttusStationAPIValidation"/>
</testsuite> <!-- restAPITesting.ApttusStationAPIValidation -->
