<?xml version="1.0" encoding="UTF-8"?>
<!-- Generated by org.testng.reporters.JUnitReportReporter -->
<testsuite skipped="0" hostname="DESKTOP-G46QBGA" name="restAPITesting.Test1" tests="5" failures="0" timestamp="16 Aug 2020 09:01:05 GMT" time="4.990" errors="0">
  <testcase name="registerWeatherWithoutAPIKey" time="2.153" classname="restAPITesting.Test1"/>
  <testcase name="registerTwoStationsWithValidKey" time="0.959" classname="restAPITesting.Test1"/>
  <testcase name="getStations" time="0.476" classname="restAPITesting.Test1"/>
  <testcase name="DeleteStations" time="0.906" classname="restAPITesting.Test1"/>
  <testcase name="verifyStationNotFound" time="0.496" classname="restAPITesting.Test1"/>
</testsuite> <!-- restAPITesting.Test1 -->
