<?xml version="1.0" encoding="UTF-8"?>
<!-- Generated by org.testng.reporters.JUnitReportReporter -->
<testsuite skipped="0" hostname="DESKTOP-G46QBGA" name="restAPITesting.ApttusStationAPIValidation" tests="5" failures="0" timestamp="16 Aug 2020 09:16:50 GMT" time="4.693" errors="0">
  <testcase name="registerWeatherWithoutAPIKey" time="1.884" classname="restAPITesting.ApttusStationAPIValidation"/>
  <testcase name="registerTwoStationsWithValidKey" time="0.966" classname="restAPITesting.ApttusStationAPIValidation"/>
  <testcase name="getStations" time="0.470" classname="restAPITesting.ApttusStationAPIValidation"/>
  <testcase name="DeleteStations" time="0.893" classname="restAPITesting.ApttusStationAPIValidation"/>
  <testcase name="verifyStationNotFound" time="0.480" classname="restAPITesting.ApttusStationAPIValidation"/>
</testsuite> <!-- restAPITesting.ApttusStationAPIValidation -->
