<?xml version="1.0" encoding="UTF-8"?>
<!-- Generated by org.testng.reporters.JUnitReportReporter -->
<testsuite skipped="0" hostname="DESKTOP-G46QBGA" name="cucumber.Options.TestRunner" tests="1" failures="0" timestamp="16 Aug 2020 09:16:50 GMT" time="25.147" errors="0">
  <testcase name="feature" time="25.147" classname="cucumber.Options.TestRunner"/>
</testsuite> <!-- cucumber.Options.TestRunner -->
