<?xml version="1.0" encoding="UTF-8"?>
<!-- Generated by org.testng.reporters.JUnitReportReporter -->
<testsuite skipped="0" hostname="DESKTOP-G46QBGA" name="restAPITesting.ApttusStationAPIValidation" tests="5" failures="0" timestamp="16 Aug 2020 13:12:41 GMT" time="5.128" errors="0">
  <testcase name="registerWeatherWithoutAPIKey" time="2.224" classname="restAPITesting.ApttusStationAPIValidation"/>
  <testcase name="registerTwoStationsWithValidKey" time="1.011" classname="restAPITesting.ApttusStationAPIValidation"/>
  <testcase name="getStations" time="0.488" classname="restAPITesting.ApttusStationAPIValidation"/>
  <testcase name="DeleteStations" time="0.911" classname="restAPITesting.ApttusStationAPIValidation"/>
  <testcase name="verifyStationNotFound" time="0.494" classname="restAPITesting.ApttusStationAPIValidation"/>
</testsuite> <!-- restAPITesting.ApttusStationAPIValidation -->
